Analysis & Synthesis report for TP
Fri Nov 26 05:34:17 2021
Quartus Prime Version 18.1.0 Build 625 09/12/2018 SJ Standard Edition


---------------------
; Table of Contents ;
---------------------
  1. Legal Notice
  2. Analysis & Synthesis Summary
  3. Analysis & Synthesis Settings
  4. Parallel Compilation
  5. Analysis & Synthesis Source Files Read
  6. Analysis & Synthesis Resource Usage Summary
  7. Analysis & Synthesis Resource Utilization by Entity
  8. General Register Statistics
  9. Inverted Register Statistics
 10. Multiplexer Restructuring Statistics (Restructuring Performed)
 11. Parameter Settings for User Entity Instance: Top-level Entity: |mon_usart
 12. Post-Synthesis Netlist Statistics for Top Partition
 13. Elapsed Time Per Partition
 14. Analysis & Synthesis Messages



----------------
; Legal Notice ;
----------------
Copyright (C) 2018  Intel Corporation. All rights reserved.
Your use of Intel Corporation's design tools, logic functions 
and other software and tools, and its AMPP partner logic 
functions, and any output files from any of the foregoing 
(including device programming or simulation files), and any 
associated documentation or information are expressly subject 
to the terms and conditions of the Intel Program License 
Subscription Agreement, the Intel Quartus Prime License Agreement,
the Intel FPGA IP License Agreement, or other applicable license
agreement, including, without limitation, that your use is for
the sole purpose of programming logic devices manufactured by
Intel and sold by Intel or its authorized distributors.  Please
refer to the applicable agreement for further details.



+-----------------------------------------------------------------------------------+
; Analysis & Synthesis Summary                                                      ;
+---------------------------------+-------------------------------------------------+
; Analysis & Synthesis Status     ; Successful - Fri Nov 26 05:34:16 2021           ;
; Quartus Prime Version           ; 18.1.0 Build 625 09/12/2018 SJ Standard Edition ;
; Revision Name                   ; TP                                              ;
; Top-level Entity Name           ; mon_usart                                       ;
; Family                          ; Cyclone V                                       ;
; Logic utilization (in ALMs)     ; N/A                                             ;
; Total registers                 ; 18                                              ;
; Total pins                      ; 15                                              ;
; Total virtual pins              ; 0                                               ;
; Total block memory bits         ; 0                                               ;
; Total DSP Blocks                ; 0                                               ;
; Total HSSI RX PCSs              ; 0                                               ;
; Total HSSI PMA RX Deserializers ; 0                                               ;
; Total HSSI TX PCSs              ; 0                                               ;
; Total HSSI PMA TX Serializers   ; 0                                               ;
; Total PLLs                      ; 0                                               ;
; Total DLLs                      ; 0                                               ;
+---------------------------------+-------------------------------------------------+


+---------------------------------------------------------------------------------------------------------------------------+
; Analysis & Synthesis Settings                                                                                             ;
+---------------------------------------------------------------------------------+--------------------+--------------------+
; Option                                                                          ; Setting            ; Default Value      ;
+---------------------------------------------------------------------------------+--------------------+--------------------+
; Device                                                                          ; 5CGXFC5C6F27C7     ;                    ;
; Top-level entity name                                                           ; mon_usart          ; TP                 ;
; Family name                                                                     ; Cyclone V          ; Cyclone V          ;
; Use smart compilation                                                           ; Off                ; Off                ;
; Enable parallel Assembler and Timing Analyzer during compilation                ; On                 ; On                 ;
; Enable compact report table                                                     ; Off                ; Off                ;
; Restructure Multiplexers                                                        ; Auto               ; Auto               ;
; MLAB Add Timing Constraints For Mixed-Port Feed-Through Mode Setting Don't Care ; Off                ; Off                ;
; Create Debugging Nodes for IP Cores                                             ; Off                ; Off                ;
; Preserve fewer node names                                                       ; On                 ; On                 ;
; Intel FPGA IP Evaluation Mode                                                   ; Enable             ; Enable             ;
; Verilog Version                                                                 ; Verilog_2001       ; Verilog_2001       ;
; VHDL Version                                                                    ; VHDL_1993          ; VHDL_1993          ;
; State Machine Processing                                                        ; Auto               ; Auto               ;
; Safe State Machine                                                              ; Off                ; Off                ;
; Extract Verilog State Machines                                                  ; On                 ; On                 ;
; Extract VHDL State Machines                                                     ; On                 ; On                 ;
; Ignore Verilog initial constructs                                               ; Off                ; Off                ;
; Iteration limit for constant Verilog loops                                      ; 5000               ; 5000               ;
; Iteration limit for non-constant Verilog loops                                  ; 250                ; 250                ;
; Add Pass-Through Logic to Inferred RAMs                                         ; On                 ; On                 ;
; Infer RAMs from Raw Logic                                                       ; On                 ; On                 ;
; Parallel Synthesis                                                              ; On                 ; On                 ;
; DSP Block Balancing                                                             ; Auto               ; Auto               ;
; NOT Gate Push-Back                                                              ; On                 ; On                 ;
; Power-Up Don't Care                                                             ; On                 ; On                 ;
; Remove Redundant Logic Cells                                                    ; Off                ; Off                ;
; Remove Duplicate Registers                                                      ; On                 ; On                 ;
; Ignore CARRY Buffers                                                            ; Off                ; Off                ;
; Ignore CASCADE Buffers                                                          ; Off                ; Off                ;
; Ignore GLOBAL Buffers                                                           ; Off                ; Off                ;
; Ignore ROW GLOBAL Buffers                                                       ; Off                ; Off                ;
; Ignore LCELL Buffers                                                            ; Off                ; Off                ;
; Ignore SOFT Buffers                                                             ; On                 ; On                 ;
; Limit AHDL Integers to 32 Bits                                                  ; Off                ; Off                ;
; Optimization Technique                                                          ; Balanced           ; Balanced           ;
; Carry Chain Length                                                              ; 70                 ; 70                 ;
; Auto Carry Chains                                                               ; On                 ; On                 ;
; Auto Open-Drain Pins                                                            ; On                 ; On                 ;
; Perform WYSIWYG Primitive Resynthesis                                           ; Off                ; Off                ;
; Auto ROM Replacement                                                            ; On                 ; On                 ;
; Auto RAM Replacement                                                            ; On                 ; On                 ;
; Auto DSP Block Replacement                                                      ; On                 ; On                 ;
; Auto Shift Register Replacement                                                 ; Auto               ; Auto               ;
; Allow Shift Register Merging across Hierarchies                                 ; Auto               ; Auto               ;
; Auto Clock Enable Replacement                                                   ; On                 ; On                 ;
; Strict RAM Replacement                                                          ; Off                ; Off                ;
; Allow Synchronous Control Signals                                               ; On                 ; On                 ;
; Force Use of Synchronous Clear Signals                                          ; Off                ; Off                ;
; Auto Resource Sharing                                                           ; Off                ; Off                ;
; Allow Any RAM Size For Recognition                                              ; Off                ; Off                ;
; Allow Any ROM Size For Recognition                                              ; Off                ; Off                ;
; Allow Any Shift Register Size For Recognition                                   ; Off                ; Off                ;
; Use LogicLock Constraints during Resource Balancing                             ; On                 ; On                 ;
; Ignore translate_off and synthesis_off directives                               ; Off                ; Off                ;
; Timing-Driven Synthesis                                                         ; On                 ; On                 ;
; Report Parameter Settings                                                       ; On                 ; On                 ;
; Report Source Assignments                                                       ; On                 ; On                 ;
; Report Connectivity Checks                                                      ; On                 ; On                 ;
; Ignore Maximum Fan-Out Assignments                                              ; Off                ; Off                ;
; Synchronization Register Chain Length                                           ; 3                  ; 3                  ;
; Power Optimization During Synthesis                                             ; Normal compilation ; Normal compilation ;
; HDL message level                                                               ; Level2             ; Level2             ;
; Suppress Register Optimization Related Messages                                 ; Off                ; Off                ;
; Number of Removed Registers Reported in Synthesis Report                        ; 5000               ; 5000               ;
; Number of Swept Nodes Reported in Synthesis Report                              ; 5000               ; 5000               ;
; Number of Inverted Registers Reported in Synthesis Report                       ; 100                ; 100                ;
; Clock MUX Protection                                                            ; On                 ; On                 ;
; Auto Gated Clock Conversion                                                     ; Off                ; Off                ;
; Block Design Naming                                                             ; Auto               ; Auto               ;
; SDC constraint protection                                                       ; Off                ; Off                ;
; Synthesis Effort                                                                ; Auto               ; Auto               ;
; Shift Register Replacement - Allow Asynchronous Clear Signal                    ; On                 ; On                 ;
; Pre-Mapping Resynthesis Optimization                                            ; Off                ; Off                ;
; Analysis & Synthesis Message Level                                              ; Medium             ; Medium             ;
; Disable Register Merging Across Hierarchies                                     ; Auto               ; Auto               ;
; Resource Aware Inference For Block RAM                                          ; On                 ; On                 ;
; Automatic Parallel Synthesis                                                    ; On                 ; On                 ;
; Partial Reconfiguration Bitstream ID                                            ; Off                ; Off                ;
+---------------------------------------------------------------------------------+--------------------+--------------------+


+------------------------------------------+
; Parallel Compilation                     ;
+----------------------------+-------------+
; Processors                 ; Number      ;
+----------------------------+-------------+
; Number detected on machine ; 8           ;
; Maximum allowed            ; 8           ;
;                            ;             ;
; Average used               ; 1.00        ;
; Maximum used               ; 8           ;
;                            ;             ;
; Usage by Processor         ; % Time Used ;
;     Processor 1            ; 100.0%      ;
;     Processors 2-8         ;   0.0%      ;
+----------------------------+-------------+


+------------------------------------------------------------------------------------------------------------------------+
; Analysis & Synthesis Source Files Read                                                                                 ;
+----------------------------------+-----------------+-----------------+---------------------------------------+---------+
; File Name with User-Entered Path ; Used in Netlist ; File Type       ; File Name with Absolute Path          ; Library ;
+----------------------------------+-----------------+-----------------+---------------------------------------+---------+
; buffer_usart_tx.vhd              ; yes             ; User VHDL File  ; U:/Bureau/TP/TP/buffer_usart_tx.vhd   ;         ;
; module_usart_tx.vhd              ; yes             ; User VHDL File  ; U:/Bureau/TP/TP/module_usart_tx.vhd   ;         ;
; mon_usart.vhd                    ; yes             ; User VHDL File  ; U:/Bureau/TP/TP/mon_usart.vhd         ;         ;
; binary_bcd.vhd                   ; yes             ; User VHDL File  ; U:/Bureau/TP/TP/binary_bcd.vhd        ;         ;
; SEG_7.vhd                        ; yes             ; User VHDL File  ; U:/Bureau/TP/TP/SEG_7.vhd             ;         ;
; Cadence.vhd                      ; yes             ; User VHDL File  ; U:/Bureau/TP/TP/Cadence.vhd           ;         ;
; fibo_top.vhd                     ; yes             ; User VHDL File  ; U:/Bureau/TP/TP/fibo_top.vhd          ;         ;
; IO_fibo_top.vhd                  ; yes             ; User VHDL File  ; U:/Bureau/TP/TP/IO_fibo_top.vhd       ;         ;
; decteur_sup_4.vhd                ; yes             ; User VHDL File  ; U:/Bureau/TP/TP/decteur_sup_4.vhd     ;         ;
; ctrl_binary_bcd.vhd              ; yes             ; User VHDL File  ; U:/Bureau/TP/TP/ctrl_binary_bcd.vhd   ;         ;
; Baud_generateur.vhd              ; yes             ; User VHDL File  ; U:/Bureau/TP/TP/Baud_generateur.vhd   ;         ;
; SYSTEM_COMPLETE.vhd              ; yes             ; User VHDL File  ; U:/Bureau/TP/TP/SYSTEM_COMPLETE.vhd   ;         ;
; mon_ram_5_bytes.vhd              ; yes             ; User VHDL File  ; U:/Bureau/TP/TP/mon_ram_5_bytes.vhd   ;         ;
; module_tout_usart.vhd            ; yes             ; User VHDL File  ; U:/Bureau/TP/TP/module_tout_usart.vhd ;         ;
; compteur.vhd                     ; yes             ; User VHDL File  ; U:/Bureau/TP/TP/compteur.vhd          ;         ;
; examcompt.vhd                    ; yes             ; User VHDL File  ; U:/Bureau/TP/TP/examcompt.vhd         ;         ;
+----------------------------------+-----------------+-----------------+---------------------------------------+---------+


+-----------------------------------------------------------+
; Analysis & Synthesis Resource Usage Summary               ;
+---------------------------------------------+-------------+
; Resource                                    ; Usage       ;
+---------------------------------------------+-------------+
; Estimate of Logic utilization (ALMs needed) ; 14          ;
;                                             ;             ;
; Combinational ALUT usage for logic          ; 25          ;
;     -- 7 input functions                    ; 0           ;
;     -- 6 input functions                    ; 2           ;
;     -- 5 input functions                    ; 5           ;
;     -- 4 input functions                    ; 4           ;
;     -- <=3 input functions                  ; 14          ;
;                                             ;             ;
; Dedicated logic registers                   ; 18          ;
;                                             ;             ;
; I/O pins                                    ; 15          ;
;                                             ;             ;
; Total DSP Blocks                            ; 0           ;
;                                             ;             ;
; Maximum fan-out node                        ; etat_actuel ;
; Maximum fan-out                             ; 20          ;
; Total fan-out                               ; 174         ;
; Average fan-out                             ; 2.38        ;
+---------------------------------------------+-------------+


+----------------------------------------------------------------------------------------------------------------------------------------------------------------------------------------+
; Analysis & Synthesis Resource Utilization by Entity                                                                                                                                    ;
+----------------------------+---------------------+---------------------------+-------------------+------------+------+--------------+---------------------+-------------+--------------+
; Compilation Hierarchy Node ; Combinational ALUTs ; Dedicated Logic Registers ; Block Memory Bits ; DSP Blocks ; Pins ; Virtual Pins ; Full Hierarchy Name ; Entity Name ; Library Name ;
+----------------------------+---------------------+---------------------------+-------------------+------------+------+--------------+---------------------+-------------+--------------+
; |mon_usart                 ; 25 (25)             ; 18 (18)                   ; 0                 ; 0          ; 15   ; 0            ; |mon_usart          ; mon_usart   ; work         ;
+----------------------------+---------------------+---------------------------+-------------------+------------+------+--------------+---------------------+-------------+--------------+
Note: For table entries with two numbers listed, the numbers in parentheses indicate the number of resources of the given type used by the specific entity alone. The numbers listed outside of parentheses indicate the total resources of the given type used by the specific entity and all of its sub-entities in the hierarchy.


+------------------------------------------------------+
; General Register Statistics                          ;
+----------------------------------------------+-------+
; Statistic                                    ; Value ;
+----------------------------------------------+-------+
; Total registers                              ; 18    ;
; Number of registers using Synchronous Clear  ; 1     ;
; Number of registers using Synchronous Load   ; 2     ;
; Number of registers using Asynchronous Clear ; 13    ;
; Number of registers using Asynchronous Load  ; 0     ;
; Number of registers using Clock Enable       ; 14    ;
; Number of registers using Preset             ; 0     ;
+----------------------------------------------+-------+


+--------------------------------------------------+
; Inverted Register Statistics                     ;
+----------------------------------------+---------+
; Inverted Register                      ; Fan out ;
+----------------------------------------+---------+
; Busy_usart_txd~reg0                    ; 2       ;
; TxD~reg0                               ; 1       ;
; Total number of inverted registers = 2 ;         ;
+----------------------------------------+---------+


+------------------------------------------------------------------------------------------------------------------------------------------+
; Multiplexer Restructuring Statistics (Restructuring Performed)                                                                           ;
+--------------------+-----------+---------------+----------------------+------------------------+------------+----------------------------+
; Multiplexer Inputs ; Bus Width ; Baseline Area ; Area if Restructured ; Saving if Restructured ; Registered ; Example Multiplexer Output ;
+--------------------+-----------+---------------+----------------------+------------------------+------------+----------------------------+
; 3:1                ; 5 bits    ; 10 LEs        ; 5 LEs                ; 5 LEs                  ; Yes        ; |mon_usart|tx_buffer[0]    ;
; 3:1                ; 7 bits    ; 14 LEs        ; 7 LEs                ; 7 LEs                  ; Yes        ; |mon_usart|tx_buffer[1]    ;
+--------------------+-----------+---------------+----------------------+------------------------+------------+----------------------------+


+---------------------------------------------------------------------------+
; Parameter Settings for User Entity Instance: Top-level Entity: |mon_usart ;
+----------------+-------+--------------------------------------------------+
; Parameter Name ; Value ; Type                                             ;
+----------------+-------+--------------------------------------------------+
; length_DataIn  ; 7     ; Signed Integer                                   ;
+----------------+-------+--------------------------------------------------+
Note: In order to hide this table in the UI and the text report file, please set the "Show Parameter Settings in Synthesis Report" option in "Analysis and Synthesis Settings -> More Settings" to "Off".


+-----------------------------------------------------+
; Post-Synthesis Netlist Statistics for Top Partition ;
+-----------------------+-----------------------------+
; Type                  ; Count                       ;
+-----------------------+-----------------------------+
; arriav_ff             ; 18                          ;
;     CLR               ; 2                           ;
;     CLR SLD           ; 1                           ;
;     ENA               ; 3                           ;
;     ENA CLR           ; 9                           ;
;     ENA CLR SLD       ; 1                           ;
;     ENA SCLR          ; 1                           ;
;     plain             ; 1                           ;
; arriav_lcell_comb     ; 27                          ;
;     normal            ; 27                          ;
;         1 data inputs ; 3                           ;
;         2 data inputs ; 4                           ;
;         3 data inputs ; 9                           ;
;         4 data inputs ; 4                           ;
;         5 data inputs ; 5                           ;
;         6 data inputs ; 2                           ;
; boundary_port         ; 15                          ;
;                       ;                             ;
; Max LUT depth         ; 2.00                        ;
; Average LUT depth     ; 1.26                        ;
+-----------------------+-----------------------------+


+-------------------------------+
; Elapsed Time Per Partition    ;
+----------------+--------------+
; Partition Name ; Elapsed Time ;
+----------------+--------------+
; Top            ; 00:00:02     ;
+----------------+--------------+


+-------------------------------+
; Analysis & Synthesis Messages ;
+-------------------------------+
Info: *******************************************************************
Info: Running Quartus Prime Analysis & Synthesis
    Info: Version 18.1.0 Build 625 09/12/2018 SJ Standard Edition
    Info: Processing started: Fri Nov 26 05:33:15 2021
Info: Command: quartus_map --read_settings_files=on --write_settings_files=off TP -c TP
Warning (18236): Number of processors has not been specified which may cause overloading on shared machines.  Set the global assignment NUM_PARALLEL_PROCESSORS in your QSF to an appropriate value for best performance.
Info (20030): Parallel compilation is enabled and will use 8 of the 8 processors detected
Info (12021): Found 2 design units, including 1 entities, in source file buffer_usart_tx.vhd
    Info (12022): Found design unit 1: buffer_usart_tx-beh File: U:/Bureau/TP/TP/buffer_usart_tx.vhd Line: 23
    Info (12023): Found entity 1: buffer_usart_tx File: U:/Bureau/TP/TP/buffer_usart_tx.vhd Line: 6
Info (12021): Found 2 design units, including 1 entities, in source file module_usart_tx.vhd
    Info (12022): Found design unit 1: module_usart_tx-structure File: U:/Bureau/TP/TP/module_usart_tx.vhd Line: 27
    Info (12023): Found entity 1: module_usart_tx File: U:/Bureau/TP/TP/module_usart_tx.vhd Line: 5
Info (12021): Found 2 design units, including 1 entities, in source file mon_usart.vhd
    Info (12022): Found design unit 1: mon_usart-beh File: U:/Bureau/TP/TP/mon_usart.vhd Line: 25
    Info (12023): Found entity 1: mon_usart File: U:/Bureau/TP/TP/mon_usart.vhd Line: 6
Info (12021): Found 2 design units, including 1 entities, in source file binary_bcd.vhd
    Info (12022): Found design unit 1: binary_bcd-beh File: U:/Bureau/TP/TP/binary_bcd.vhd Line: 22
    Info (12023): Found entity 1: binary_bcd File: U:/Bureau/TP/TP/binary_bcd.vhd Line: 6
Info (12021): Found 2 design units, including 1 entities, in source file seg_7.vhd
    Info (12022): Found design unit 1: SEG_7-beh File: U:/Bureau/TP/TP/SEG_7.vhd Line: 12
    Info (12023): Found entity 1: SEG_7 File: U:/Bureau/TP/TP/SEG_7.vhd Line: 5
Info (12021): Found 2 design units, including 1 entities, in source file cadence.vhd
    Info (12022): Found design unit 1: Cadence-beh File: U:/Bureau/TP/TP/Cadence.vhd Line: 12
    Info (12023): Found entity 1: Cadence File: U:/Bureau/TP/TP/Cadence.vhd Line: 5
Info (12021): Found 2 design units, including 1 entities, in source file fibo_top.vhd
    Info (12022): Found design unit 1: fibo_top-structure File: U:/Bureau/TP/TP/fibo_top.vhd Line: 22
    Info (12023): Found entity 1: fibo_top File: U:/Bureau/TP/TP/fibo_top.vhd Line: 6
Info (12021): Found 2 design units, including 1 entities, in source file io_fibo_top.vhd
    Info (12022): Found design unit 1: IO_fibo_top-structure File: U:/Bureau/TP/TP/IO_fibo_top.vhd Line: 23
    Info (12023): Found entity 1: IO_fibo_top File: U:/Bureau/TP/TP/IO_fibo_top.vhd Line: 6
Info (12021): Found 2 design units, including 1 entities, in source file decteur_sup_4.vhd
    Info (12022): Found design unit 1: decteur_sup_4-beh File: U:/Bureau/TP/TP/decteur_sup_4.vhd Line: 14
    Info (12023): Found entity 1: decteur_sup_4 File: U:/Bureau/TP/TP/decteur_sup_4.vhd Line: 5
Info (12021): Found 2 design units, including 1 entities, in source file ctrl_binary_bcd.vhd
    Info (12022): Found design unit 1: ctrl_binary_bcd-beh File: U:/Bureau/TP/TP/ctrl_binary_bcd.vhd Line: 22
    Info (12023): Found entity 1: ctrl_binary_bcd File: U:/Bureau/TP/TP/ctrl_binary_bcd.vhd Line: 6
Info (12021): Found 2 design units, including 1 entities, in source file baud_generateur.vhd
    Info (12022): Found design unit 1: Baud_generateur-beh File: U:/Bureau/TP/TP/Baud_generateur.vhd Line: 17
    Info (12023): Found entity 1: Baud_generateur File: U:/Bureau/TP/TP/Baud_generateur.vhd Line: 5
Info (12021): Found 2 design units, including 1 entities, in source file system_complete.vhd
    Info (12022): Found design unit 1: SYSTEM_COMPLETE-structure File: U:/Bureau/TP/TP/SYSTEM_COMPLETE.vhd Line: 26
    Info (12023): Found entity 1: SYSTEM_COMPLETE File: U:/Bureau/TP/TP/SYSTEM_COMPLETE.vhd Line: 6
Info (12021): Found 2 design units, including 1 entities, in source file mon_ram_5_bytes.vhd
    Info (12022): Found design unit 1: mon_ram_5_bytes-beh File: U:/Bureau/TP/TP/mon_ram_5_bytes.vhd Line: 17
    Info (12023): Found entity 1: mon_ram_5_bytes File: U:/Bureau/TP/TP/mon_ram_5_bytes.vhd Line: 6
Info (12021): Found 2 design units, including 1 entities, in source file module_tout_usart.vhd
    Info (12022): Found design unit 1: module_tout_usart-structure File: U:/Bureau/TP/TP/module_tout_usart.vhd Line: 22
    Info (12023): Found entity 1: module_tout_usart File: U:/Bureau/TP/TP/module_tout_usart.vhd Line: 6
Info (12021): Found 1 design units, including 1 entities, in source file tpexam.bdf
    Info (12023): Found entity 1: TPexam
Info (12021): Found 2 design units, including 1 entities, in source file compteur.vhd
    Info (12022): Found design unit 1: count1-behavioral File: U:/Bureau/TP/TP/compteur.vhd Line: 15
    Info (12023): Found entity 1: count1 File: U:/Bureau/TP/TP/compteur.vhd Line: 4
Info (12021): Found 2 design units, including 1 entities, in source file examcompt.vhd
    Info (12022): Found design unit 1: examcompt-beh File: U:/Bureau/TP/TP/examcompt.vhd Line: 14
    Info (12023): Found entity 1: examcompt File: U:/Bureau/TP/TP/examcompt.vhd Line: 5
Info (12127): Elaborating entity "mon_usart" for the top level hierarchy
Info (286030): Timing-Driven Synthesis is running
Info (16010): Generating hard_block partition "hard_block:auto_generated_inst"
    Info (16011): Adding 0 node(s), including 0 DDIO, 0 PLL, 0 transceiver and 0 LCELL
Info (21057): Implemented 40 device resources after synthesis - the final resource count might be different
    Info (21058): Implemented 13 input pins
    Info (21059): Implemented 2 output pins
    Info (21061): Implemented 25 logic cells
Info: Quartus Prime Analysis & Synthesis was successful. 0 errors, 1 warning
    Info: Peak virtual memory: 4884 megabytes
    Info: Processing ended: Fri Nov 26 05:34:17 2021
    Info: Elapsed time: 00:01:02
    Info: Total CPU time (on all processors): 00:00:30


